<?xml version="1.0" encoding="UTF-8"?>
<!-- Generated by org.testng.reporters.JUnitXMLReporter -->
<testsuite ignored="0" hostname="Lenovo-PC" failures="1" tests="1" name="Test" time="82.702" errors="0" timestamp="2022-09-29T14:12:34 IST">
  <testcase classname="tests.RegisteredUserTestCases" name="Verify_Valid_RegisteredUserDetails" time="26.635">
    <failure type="java.lang.AssertionError" message="expected [true] but found [false]">
      <![CDATA[java.lang.AssertionError: expected [true] but found [false]
at tests.RegisteredUserTestCases.Verify_Valid_RegisteredUserDetails(RegisteredUserTestCases.java:25)
at java.base/java.util.ArrayList.forEach(ArrayList.java:1541)
... Removed 31 stack frames]]>
    </failure>
  </testcase> <!-- Verify_Valid_RegisteredUserDetails -->
</testsuite> <!-- Test -->
